0 info it worked if it ends with ok
1 verbose cli [ 'C:\\Program Files\\iojs\\node.exe',
1 verbose cli   'C:\\Program Files\\iojs\\node_modules\\npm\\bin\\npm-cli.js',
1 verbose cli   'version',
1 verbose cli   'patch' ]
2 info using npm@2.13.3
3 info using node@v3.0.0
4 info git [ 'status', '--porcelain' ]
5 verbose stack Error: Git working directory not clean.
5 verbose stack M lib/node.pre.js
5 verbose stack M lib/twitch.auth.js
5 verbose stack M lib/twitch.core.js
5 verbose stack M lib/twitch.init.js
5 verbose stack M twitch.js
5 verbose stack     at C:\Program Files\iojs\node_modules\npm\lib\version.js:171:21
5 verbose stack     at ChildProcess.exithandler (child_process.js:188:7)
5 verbose stack     at emitTwo (events.js:87:13)
5 verbose stack     at ChildProcess.emit (events.js:172:7)
5 verbose stack     at maybeClose (internal/child_process.js:764:16)
5 verbose stack     at Socket.<anonymous> (internal/child_process.js:319:11)
5 verbose stack     at emitOne (events.js:77:13)
5 verbose stack     at Socket.emit (events.js:169:7)
5 verbose stack     at Pipe._onclose (net.js:468:12)
6 verbose cwd C:\Users\Ots\PRG\NodeJS\twitchnodesdk
7 error Windows_NT 6.1.7601
8 error argv "C:\\Program Files\\iojs\\node.exe" "C:\\Program Files\\iojs\\node_modules\\npm\\bin\\npm-cli.js" "version" "patch"
9 error node v3.0.0
10 error npm  v2.13.3
11 error Git working directory not clean.
11 error M lib/node.pre.js
11 error M lib/twitch.auth.js
11 error M lib/twitch.core.js
11 error M lib/twitch.init.js
11 error M twitch.js
12 error If you need help, you may report this error at:
12 error     <https://github.com/npm/npm/issues>
13 verbose exit [ 1, true ]
